# JRE version: Java(TM) SE Runtime Environment (9.0+11) (build 9.0.4+11)
# Java VM: Java HotSpot(TM) 64-Bit Server VM (9.0.4+11, mixed mode, tiered, compressed oops, g1 gc, linux-amd64)
Heap:
 garbage-first heap   total 577536K, used 119953K [0x0000000705400000, 0x00000007055011a0, 0x00000007c0000000)
  region size 1024K, 57 young (58368K), 14 survivors (14336K)
 Metaspace       used 32987K, capacity 36522K, committed 36608K, reserved 1081344K
  class space    used 4099K, capacity 4733K, committed 4736K, reserved 1048576K
GC Heap History (10 events):
Event: 5,189 GC heap before
{Heap before GC invocations=5 (full 0):
 garbage-first heap   total 577536K, used 53343K [0x0000000705400000, 0x00000007055011a0, 0x00000007c0000000)
  region size 1024K, 43 young (44032K), 4 survivors (4096K)
 Metaspace       used 31130K, capacity 34408K, committed 34560K, reserved 1079296K
  class space    used 3980K, capacity 4596K, committed 4608K, reserved 1048576K
}
Event: 5,203 GC heap after
{Heap after GC invocations=6 (full 0):
 garbage-first heap   total 577536K, used 20884K [0x0000000705400000, 0x00000007055011a0, 0x00000007c0000000)
  region size 1024K, 6 young (6144K), 6 survivors (6144K)
 Metaspace       used 31130K, capacity 34408K, committed 34560K, reserved 1079296K
  class space    used 3980K, capacity 4596K, committed 4608K, reserved 1048576K
}
Event: 5,351 GC heap before
{Heap before GC invocations=6 (full 0):
 garbage-first heap   total 577536K, used 77204K [0x0000000705400000, 0x00000007055011a0, 0x00000007c0000000)
  region size 1024K, 61 young (62464K), 6 survivors (6144K)
 Metaspace       used 31177K, capacity 34536K, committed 34560K, reserved 1079296K
  class space    used 3981K, capacity 4596K, committed 4608K, reserved 1048576K
}
Event: 5,373 GC heap after
{Heap after GC invocations=7 (full 0):
 garbage-first heap   total 577536K, used 31419K [0x0000000705400000, 0x00000007055011a0, 0x00000007c0000000)
  region size 1024K, 8 young (8192K), 8 survivors (8192K)
 Metaspace       used 31177K, capacity 34536K, committed 34560K, reserved 1079296K
  class space    used 3981K, capacity 4596K, committed 4608K, reserved 1048576K
}
Event: 11,806 GC heap before
{Heap before GC invocations=7 (full 0):
 garbage-first heap   total 577536K, used 129723K [0x0000000705400000, 0x00000007055011a0, 0x00000007c0000000)
  region size 1024K, 79 young (80896K), 8 survivors (8192K)
 Metaspace       used 32051K, capacity 35446K, committed 35712K, reserved 1081344K
  class space    used 4009K, capacity 4609K, committed 4736K, reserved 1048576K
}
Event: 11,824 GC heap after
{Heap after GC invocations=8 (full 0):
 garbage-first heap   total 577536K, used 40618K [0x0000000705400000, 0x00000007055011a0, 0x00000007c0000000)
  region size 1024K, 8 young (8192K), 8 survivors (8192K)
 Metaspace       used 32051K, capacity 35446K, committed 35712K, reserved 1081344K
  class space    used 4009K, capacity 4609K, committed 4736K, reserved 1048576K
}
Event: 19,680 GC heap before
{Heap before GC invocations=8 (full 0):
 garbage-first heap   total 577536K, used 47786K [0x0000000705400000, 0x00000007055011a0, 0x00000007c0000000)
  region size 1024K, 16 young (16384K), 8 survivors (8192K)
 Metaspace       used 32316K, capacity 35732K, committed 35840K, reserved 1081344K
  class space    used 4030K, capacity 4646K, committed 4736K, reserved 1048576K
}
Event: 19,691 GC heap after
{Heap after GC invocations=9 (full 0):
 garbage-first heap   total 577536K, used 40809K [0x0000000705400000, 0x00000007055011a0, 0x00000007c0000000)
  region size 1024K, 1 young (1024K), 1 survivors (1024K)
 Metaspace       used 32316K, capacity 35732K, committed 35840K, reserved 1081344K
  class space    used 4030K, capacity 4646K, committed 4736K, reserved 1048576K
}
Event: 61,885 GC heap before
{Heap before GC invocations=10 (full 0):
 garbage-first heap   total 577536K, used 146281K [0x0000000705400000, 0x00000007055011a0, 0x00000007c0000000)
  region size 1024K, 111 young (113664K), 1 survivors (1024K)
 Metaspace       used 32969K, capacity 36514K, committed 36608K, reserved 1081344K
  class space    used 4099K, capacity 4733K, committed 4736K, reserved 1048576K
}
Event: 61,914 GC heap after
{Heap after GC invocations=11 (full 0):
 garbage-first heap   total 577536K, used 52369K [0x0000000705400000, 0x00000007055011a0, 0x00000007c0000000)
  region size 1024K, 14 young (14336K), 14 survivors (14336K)
 Metaspace       used 32969K, capacity 36514K, committed 36608K, reserved 1081344K
  class space    used 4099K, capacity 4733K, committed 4736K, reserved 1048576K
}

